<?xml version="1.0" encoding="UTF-8"?>
<!-- Generated by org.testng.reporters.JUnitReportReporter -->
<testsuite skipped="0" hostname="LAPTOP-V1NTB097" name="Test_Cases.OppourtinitiesPageTest" tests="1" failures="0" timestamp="2022-10-31T10:46:44 IST" time="33.034" errors="0">
  <testcase name="FillDetails" time="33.034" classname="Test_Cases.OppourtinitiesPageTest"/>
  <system-out/>
</testsuite> <!-- Test_Cases.OppourtinitiesPageTest -->
