<?xml version="1.0" encoding="UTF-8"?>
<!-- Generated by org.testng.reporters.JUnitReportReporter -->
<testsuite skipped="0" hostname="LAPTOP-V1NTB097" name="Test_Cases.DashboardPageTest" tests="2" failures="0" timestamp="2022-10-31T11:43:31 IST" time="87.434" errors="0">
  <testcase name="LogoTesting" time="37.144" classname="Test_Cases.DashboardPageTest"/>
  <system-out/>
  <testcase name="opp" time="50.290" classname="Test_Cases.DashboardPageTest"/>
  <system-out/>
</testsuite> <!-- Test_Cases.DashboardPageTest -->
